#
# A fatal error has been detected by the Java Runtime Environment:
#
#  EXCEPTION_ACCESS_VIOLATION (0xc0000005) at pc=0x00007ff962b24e49, pid=19108, tid=9584
#
# JRE version:  (11.0.3+12) (build )
# Java VM: Java HotSpot(TM) 64-Bit Server VM (11.0.3+12-LTS, mixed mode, aot, sharing, tiered, compressed oops, g1 gc, windows-amd64)
# Problematic frame:
# V  [jvm.dll+0x1e4e49]
#
# No core dump will be written. Minidumps are not enabled by default on client versions of Windows
#
# If you would like to submit a bug report, please visit:
#   http://bugreport.java.com/bugreport/crash.jsp
#

---------------  S U M M A R Y ------------

Command Line: -Dclassworlds.conf=C:\Program Files\apache-maven-3.6.0\bin\..\bin\m2.conf -Dmaven.home=C:\Program Files\apache-maven-3.6.0\bin\.. -Dlibrary.jansi.path=C:\Program Files\apache-maven-3.6.0\bin\..\lib\jansi-native -Dmaven.multiModuleProjectDirectory=D:\Desktop Folders\School\2022_spring\eecs4020_sd\project_files\ridge-websocket-server org.codehaus.plexus.classworlds.launcher.Launcher clean package spring-boot:repackage

Host: AMD Ryzen 7 2700X Eight-Core Processor         , 16 cores, 15G,  Windows 10 , 64 bit Build 19041 (10.0.19041.1645)
Time: Thu Apr 21 08:41:48 2022 Eastern Daylight Time elapsed time: 0 seconds (0d 0h 0m 0s)

---------------  T H R E A D  ---------------

Current thread (0x00000197103b9000):  JavaThread "Unknown thread" [_thread_in_vm, id=9584, stack(0x0000000bb1f00000,0x0000000bb2000000)]

Stack: [0x0000000bb1f00000,0x0000000bb2000000],  sp=0x0000000bb1fff320,  free space=1020k
Native frames: (J=compiled Java code, j=interpreted, Vv=VM code, C=native code)
V  [jvm.dll+0x1e4e49]
V  [jvm.dll+0x1e32d3]
V  [jvm.dll+0x37349b]
V  [jvm.dll+0x732f09]
V  [jvm.dll+0x3e291d]
V  [jvm.dll+0x3e4cb1]
C  [java.exe+0x3607]
C  [java.exe+0x178dc]
C  [KERNEL32.DLL+0x17034]
C  [ntdll.dll+0x52651]


siginfo: EXCEPTION_ACCESS_VIOLATION (0xc0000005), reading address 0x0000000000000000


Registers:
RAX=0x00001ef4e166b6d7, RBX=0x0000000000000000, RCX=0x0000000000000000, RDX=0x0000000000000006
RSP=0x0000000bb1fff320, RBP=0x0000000000000000, RSI=0x00000197103b9000, RDI=0x0000000000000000
R8 =0x0000000000000006, R9 =0x0000000000000006, R10=0x0000000000000006, R11=0x0000000bb1ffeb80
R12=0x0000000000000000, R13=0x00007ff962f20550, R14=0x000001970e9450a8, R15=0x0000000bb1fffd78
RIP=0x00007ff962b24e49, EFLAGS=0x0000000000010256

Top of Stack: (sp=0x0000000bb1fff320)
0x0000000bb1fff320:   000001970e94c700 00007ff9c23032c0
0x0000000bb1fff330:   0000000bb1fffd78 000001970e9450a8
0x0000000bb1fff340:   0000000000000000 0000000000000400
0x0000000bb1fff350:   000002bfb13441df 00007ff962f20550
0x0000000bb1fff360:   0000000000000000 0000000bb1fffd78
0x0000000bb1fff370:   000001970e9450a8 00007ff962f20550
0x0000000bb1fff380:   0000000000000000 00007ff984e40000
0x0000000bb1fff390:   00007ff9631a0728 0000000000000000
0x0000000bb1fff3a0:   00007ff962b23177 00007ff9c22d53dc
0x0000000bb1fff3b0:   0000000000000000 00007ff962f9dbed
0x0000000bb1fff3c0:   00001ef4e166b6d7 000001970e9450a8
0x0000000bb1fff3d0:   00007ff900000000 00007ff962f20550
0x0000000bb1fff3e0:   00000197103b9000 0000000bb1fff500
0x0000000bb1fff3f0:   0000000000000000 00007ff962b232d3
0x0000000bb1fff400:   00007ff984e10000 00007ff984e4d088
0x0000000bb1fff410:   0000000bb1fff500 00000197103b9000 

Instructions: (pc=0x00007ff962b24e49)
0x00007ff962b24e29:   b8 00 00 00 48 8b 05 9c 0e 84 00 48 33 c4 48 89
0x00007ff962b24e39:   84 24 a0 00 00 00 48 8b e9 48 83 cb ff 48 ff c3
0x00007ff962b24e49:   80 3c 0b 00 75 f7 33 f6 c6 44 24 30 01 40 38 35
0x00007ff962b24e59:   12 15 87 00 74 17 40 38 35 12 7c 86 00 75 0e 33 



---------------  P R O C E S S  ---------------

Threads class SMR info:
_java_thread_list=0x000001970e945510, length=0, elements={
}

Java Threads: ( => current thread )

Other Threads:

[error occurred during error reporting (printing all threads), id 0xc0000005, EXCEPTION_ACCESS_VIOLATION (0xc0000005) at pc=0x00007ff963077cad]

VM state:not at safepoint (not fully initialized)

VM Mutex/Monitor currently owned by a thread: None


[error occurred during error reporting (printing compressed oops mode), id 0xc0000005, EXCEPTION_ACCESS_VIOLATION (0xc0000005) at pc=0x00007ff96308d627]

Deoptimization events (0 events):
No events

Classes redefined (0 events):
No events

Internal exceptions (0 events):
No events

Events (0 events):
No events


Dynamic libraries:
0x00007ff7c5af0000 - 0x00007ff7c5b37000 	C:\Program Files\Java\jdk-11.0.3\bin\java.exe
0x00007ff9c4bb0000 - 0x00007ff9c4da5000 	C:\WINDOWS\SYSTEM32\ntdll.dll
0x00007ff9c3f40000 - 0x00007ff9c3ffe000 	C:\WINDOWS\System32\KERNEL32.DLL
0x00007ff9c22d0000 - 0x00007ff9c2598000 	C:\WINDOWS\System32\KERNELBASE.dll
0x00007ff9c38a0000 - 0x00007ff9c394e000 	C:\WINDOWS\System32\ADVAPI32.dll
0x00007ff9c4060000 - 0x00007ff9c40fe000 	C:\WINDOWS\System32\msvcrt.dll
0x00007ff9c3cb0000 - 0x00007ff9c3d4c000 	C:\WINDOWS\System32\sechost.dll
0x00007ff9c2f70000 - 0x00007ff9c3095000 	C:\WINDOWS\System32\RPCRT4.dll
0x00007ff9c39b0000 - 0x00007ff9c3b50000 	C:\WINDOWS\System32\USER32.dll
0x00007ff9c2790000 - 0x00007ff9c27b2000 	C:\WINDOWS\System32\win32u.dll
0x00007ff9c3c70000 - 0x00007ff9c3c9a000 	C:\WINDOWS\System32\GDI32.dll
0x00007ff9c25a0000 - 0x00007ff9c26ab000 	C:\WINDOWS\System32\gdi32full.dll
0x00007ff9c29d0000 - 0x00007ff9c2a6d000 	C:\WINDOWS\System32\msvcp_win.dll
0x00007ff9c2b10000 - 0x00007ff9c2c10000 	C:\WINDOWS\System32\ucrtbase.dll
0x00007ff9b52b0000 - 0x00007ff9b554a000 	C:\WINDOWS\WinSxS\amd64_microsoft.windows.common-controls_6595b64144ccf1df_6.0.19041.1110_none_60b5254171f9507e\COMCTL32.dll
0x00007ff9c1190000 - 0x00007ff9c119a000 	C:\WINDOWS\SYSTEM32\VERSION.dll
0x00007ff9c3980000 - 0x00007ff9c39b0000 	C:\WINDOWS\System32\IMM32.DLL
0x00007ff986570000 - 0x00007ff986586000 	C:\Program Files\Java\jdk-11.0.3\bin\vcruntime140.dll
0x00007ff963470000 - 0x00007ff96351a000 	C:\Program Files\Java\jdk-11.0.3\bin\msvcp140.dll
0x00007ff962940000 - 0x00007ff963467000 	C:\Program Files\Java\jdk-11.0.3\bin\server\jvm.dll
0x00007ff9c3ca0000 - 0x00007ff9c3ca8000 	C:\WINDOWS\System32\PSAPI.DLL
0x00007ff9ab7a0000 - 0x00007ff9ab7a9000 	C:\WINDOWS\SYSTEM32\WSOCK32.dll
0x00007ff9b5850000 - 0x00007ff9b5877000 	C:\WINDOWS\SYSTEM32\WINMM.dll
0x00007ff9c4b00000 - 0x00007ff9c4b6b000 	C:\WINDOWS\System32\WS2_32.dll
0x00007ff9c1150000 - 0x00007ff9c1162000 	C:\WINDOWS\SYSTEM32\kernel.appcore.dll
0x00007ff986550000 - 0x00007ff986561000 	C:\Program Files\Java\jdk-11.0.3\bin\verify.dll
0x00007ff9c0080000 - 0x00007ff9c0264000 	C:\WINDOWS\SYSTEM32\DBGHELP.DLL
0x00007ff9aac70000 - 0x00007ff9aac9c000 	C:\WINDOWS\SYSTEM32\dbgcore.DLL
0x00007ff9c2700000 - 0x00007ff9c2782000 	C:\WINDOWS\System32\bcryptPrimitives.dll
0x00007ff984e40000 - 0x00007ff984e69000 	C:\Program Files\Java\jdk-11.0.3\bin\java.dll
0x00007ff984e10000 - 0x00007ff984e26000 	C:\Program Files\Java\jdk-11.0.3\bin\zip.dll
0x00007ff9a9ad0000 - 0x00007ff9a9ada000 	C:\Program Files\Java\jdk-11.0.3\bin\jimage.dll

dbghelp: loaded successfully - version: 4.0.5 - missing functions: none
symbol engine: initialized successfully - sym options: 0x614 - pdb path: .;C:\Program Files\Java\jdk-11.0.3\bin;C:\WINDOWS\SYSTEM32;C:\WINDOWS\WinSxS\amd64_microsoft.windows.common-controls_6595b64144ccf1df_6.0.19041.1110_none_60b5254171f9507e;C:\Program Files\Java\jdk-11.0.3\bin\server

VM Arguments:
jvm_args: -Dclassworlds.conf=C:\Program Files\apache-maven-3.6.0\bin\..\bin\m2.conf -Dmaven.home=C:\Program Files\apache-maven-3.6.0\bin\.. -Dlibrary.jansi.path=C:\Program Files\apache-maven-3.6.0\bin\..\lib\jansi-native -Dmaven.multiModuleProjectDirectory=D:\Desktop Folders\School\2022_spring\eecs4020_sd\project_files\ridge-websocket-server 
java_command: org.codehaus.plexus.classworlds.launcher.Launcher clean package spring-boot:repackage
java_class_path (initial): C:\Program Files\apache-maven-3.6.0\bin\..\boot\plexus-classworlds-2.5.2.jar
Launcher Type: SUN_STANDARD

[Global flags]
     uint G1ConcRefinementThreads                  = 13                                        {product} {ergonomic}
    uintx GCDrainStackTargetSize                   = 64                                        {product} {ergonomic}
   size_t InitialHeapSize                          = 267632320                                 {product} {ergonomic}
   size_t MaxHeapSize                              = 4282117120                                {product} {ergonomic}
    uintx ReservedCodeCacheSize                    = 251658240                              {pd product} {ergonomic}
     bool SegmentedCodeCache                       = true                                      {product} {ergonomic}
     bool UseCompressedClassPointers               = true                                 {lp64_product} {ergonomic}
     bool UseCompressedOops                        = true                                 {lp64_product} {ergonomic}
     bool UseG1GC                                  = true                                      {product} {ergonomic}
     bool UseLargePagesIndividualAllocation        = false                                  {pd product} {ergonomic}

Logging:
Log output configuration:
 #0: stdout all=warning uptime,level,tags
 #1: stderr all=off uptime,level,tags

Environment Variables:
JAVA_HOME=C:\Program Files\Java\jdk-11.0.3\
PATH=C:\Program Files (x86)\Common Files\Oracle\Java\javapath;C:\Program Files (x86)\VMware\VMware Player\bin\;C:\Program Files (x86)\Java\jre1.8.0_211;D:\Users\Gaakman14-W\AppData\Local\Programs\Python\Python38\Scripts\;D:\Users\Gaakman14-W\AppData\Local\Programs\Python\Python38\;D:\Users\Gaakman14-W\AppData\Local\Programs\Python\Python38-32\Scripts\;D:\Users\Gaakman14-W\AppData\Local\Programs\Python\Python38-32\;C:\ProgramData\Oracle\Java\javapath;C:\Windows\system32;C:\Windows;C:\Windows\System32\Wbem;C:\Windows\System32\WindowsPowerShell\v1.0\;D:\Program Files (x86)\PuTTY\;C:\WINDOWS\system32;C:\WINDOWS;C:\WINDOWS\System32\Wbem;C:\Gradle\gradle-6.5.1\bin;C:\WINDOWS\System32\WindowsPowerShell\v1.0\;C:\Program Files (x86)\ATI Technologies\ATI.ACE\Core-Static;C:\WINDOWS\System32\OpenSSH\;C:\Program Files\dotnet\;C:\Program Files\NVIDIA Corporation\NVIDIA NvDLISR;C:\Program Files (x86)\NVIDIA Corporation\PhysX\Common;C:\Program Files\Microsoft SQL Server\130\Tools\Binn\;D:\Program Files\nodejs\;D:\Program Files\Microsoft VS Code\bin;C:\Program Files\Git\cmd;C:\WINDOWS\system32;C:\WINDOWS;C:\WINDOWS\System32\Wbem;C:\WINDOWS\System32\WindowsPowerShell\v1.0\;C:\WINDOWS\System32\OpenSSH\;C:\Program Files\Microsoft SQL Server\150\Tools\Binn\;C:\Program Files\Microsoft SQL Server\Client SDK\ODBC\170\Tools\Binn\;C:\Program Files (x86)\Microsoft SQL Server\150\Tools\Binn\;C:\Program Files\Microsoft SQL Server\150\DTS\Binn\;C:\Program Files\apache-maven-3.6.0\bin;D:\Program Files (x86)\Python32;D:\Program Files (x86)\Python32\python.exe;D:\Program Files (x86)\Python32\Scripts;D:\Program Files (x86)\Python32\Lib\site-packages\django\bin;D:\Program Files\Microsoft VS Code\bin;C:\Users\Gaakman14-W\AppData\Local\Microsoft\WindowsApps;C:\Users\Gaakman14-W\AppData\Roaming\npm;D:\Program Files\JetBrains\IntelliJ IDEA Community Edition 2020.2\bin;;D:\Program Files\JetBrains\PyCharm Community Edition 2020.2\bin;;C:\Users\Gaakman14-W\AppData\Local\GitHubDesktop\bin;C:\Program Files (x86)
USERNAME=Geekman14-W
OS=Windows_NT
PROCESSOR_IDENTIFIER=AMD64 Family 23 Model 8 Stepping 2, AuthenticAMD



---------------  S Y S T E M  ---------------

OS: Windows 10 , 64 bit Build 19041 (10.0.19041.1645)

CPU:total 16 (initial active 16) 

Memory: 4k page, system-wide physical 16334M (9675M free)
TotalPageFile size 32718M (AvailPageFile size 23470M)
current process WorkingSet (physical memory assigned to process): 8M, peak: 8M
current process commit charge ("private bytes"): 3M, peak: 3M

vm_info: Java HotSpot(TM) 64-Bit Server VM (11.0.3+12-LTS) for windows-amd64 JRE (11.0.3+12-LTS), built on Apr  2 2019 12:43:09 by "mach5one" with MS VC++ 15.5 (VS2017)

END.
